<?xml version="1.0" encoding="UTF-8"?>
<!-- Generated by org.testng.reporters.JUnitReportReporter -->
<testsuite hostname="Sreyash" name="com.WalletHub.Tests.FacebookLoginTest" tests="1" failures="0" timestamp="8 May 2020 14:31:38 GMT" time="36.695" errors="0">
  <testcase name="loginTest" time="36.695" classname="com.WalletHub.Tests.FacebookLoginTest"/>
</testsuite> <!-- com.WalletHub.Tests.FacebookLoginTest -->
